	.text
	.syntax unified
	.eabi_attribute	67, "2.09"	@ Tag_conformance
	.cpu	cortex-m33
	.eabi_attribute	6, 17	@ Tag_CPU_arch
	.eabi_attribute	7, 77	@ Tag_CPU_arch_profile
	.eabi_attribute	8, 0	@ Tag_ARM_ISA_use
	.eabi_attribute	9, 3	@ Tag_THUMB_ISA_use
	.fpu	fpv5-sp-d16
	.eabi_attribute	27, 1	@ Tag_ABI_HardFP_use
	.eabi_attribute	36, 1	@ Tag_FP_HP_extension
	.eabi_attribute	46, 1	@ Tag_DSP_extension
	.eabi_attribute	34, 1	@ Tag_CPU_unaligned_access
	.eabi_attribute	17, 1	@ Tag_ABI_PCS_GOT_use
	.eabi_attribute	20, 2	@ Tag_ABI_FP_denormal
	.eabi_attribute	21, 0	@ Tag_ABI_FP_exceptions
	.eabi_attribute	23, 1	@ Tag_ABI_FP_number_model
	.eabi_attribute	24, 1	@ Tag_ABI_align_needed
	.eabi_attribute	25, 1	@ Tag_ABI_align_preserved
	.eabi_attribute	28, 1	@ Tag_ABI_VFP_args
	.eabi_attribute	38, 1	@ Tag_ABI_FP_16bit_format
	.eabi_attribute	18, 2	@ Tag_ABI_PCS_wchar_t
	.eabi_attribute	26, 1	@ Tag_ABI_enum_size
	.eabi_attribute	14, 0	@ Tag_ABI_PCS_R9_use
	.file	"GLCD_Fonts.c"
	.file	1 "C:\\" "Keil_v5\\ARM\\ARMCLANG\\Bin\\..\\include\\stdint.h"
	.file	2 "C:/Users/philo/AppData/Local/Arm/Packs/Keil/MDK-Middleware/7.15.0/Board" "Board_GLCD.h"
	.file	3 "C:/Users/philo/AppData/Local/Arm/Packs/Keil/V2M-MPS2_IOTKit_BSP/1.5.0/Boards/ARM/V2M-MPS2/Common" "GLCD_Fonts.c"
	.type	Font_6x8_h,%object              @ @Font_6x8_h
	.section	.rodata.Font_6x8_h,"a",%progbits
Font_6x8_h:
	.asciz	"\000\000\000\000\000\000\000\000\004\004\004\004\004\000\004\000\n\n\n\000\000\000\000\000\n\n\037\n\037\n\n\000\004\036\005\016\024\017\004\000\003\023\b\004\002\031\030\000\002\005\005\002\025\t\026\000\f\f\004\002\000\000\000\000\b\004\002\002\002\004\b\000\002\004\b\b\b\004\002\000\000\004\025\016\016\025\004\000\000\004\004\037\004\004\000\000\000\000\000\000\f\f\004\002\000\000\000\037\000\000\000\000\000\000\000\000\000\f\f\000\000\020\b\004\002\001\000\000\016\021\023\025\031\021\016\000\004\006\004\004\004\004\016\000\016\021\020\016\001\001\037\000\037\020\b\f\020\021\016\000\b\f\n\t\037\b\b\000\037\001\017\020\020\021\016\000\034\002\001\017\021\021\016\000\037\020\020\b\004\002\001\000\016\021\021\016\021\021\016\000\016\021\021\036\020\b\007\000\000\000\004\000\004\000\000\000\000\000\004\000\004\004\002\000\020\b\004\002\004\b\020\000\000\000\037\000\037\000\000\000\002\004\b\020\b\004\002\000\016\021\020\f\004\000\004\000\016\021\025\035\r\001\036\000\004\n\021\021\037\021\021\000\017\021\021\017\021\021\017\000\016\021\001\001\001\021\016\000\017\021\021\021\021\021\017\000\037\001\001\017\001\001\037\000\037\001\001\017\001\001\001\000\036\021\001\001\031\021\036\000\021\021\021\037\021\021\021\000\016\004\004\004\004\004\016\000\034\b\b\b\b\t\006\000\021\t\005\003\005\t\021\000\001\001\001\001\001\001\037\000\021\033\025\025\025\021\021\000\021\021\023\025\031\021\021\000\016\021\021\021\021\021\016\000\017\021\021\017\001\001\001\000\016\021\021\021\025\t\026\000\017\021\021\017\005\t\021\000\016\021\001\016\020\021\016\000\037\025\004\004\004\004\004\000\021\021\021\021\021\021\016\000\021\021\021\021\021\n\004\000\021\021\021\025\025\025\n\000\021\021\n\004\n\021\021\000\021\021\n\004\004\004\004\000\037\020\b\016\002\001\037\000\036\002\002\002\002\002\036\000\000\001\002\004\b\020\000\000\036\020\020\020\020\020\036\000\004\n\021\000\000\000\000\000\000\000\000\000\000\000\037\000\006\006\004\b\000\000\000\000\000\000\006\b\016\t\036\000\001\001\r\023\021\023\r\000\000\000\016\021\001\021\016\000\020\020\026\031\021\031\026\000\000\000\016\021\037\001\016\000\b\024\004\016\004\004\004\000\000\000\016\031\031\026\020\016\001\001\r\023\021\021\021\000\004\000\006\004\004\004\016\000\b\000\b\b\b\t\006\000\001\001\t\005\003\005\t\000\006\004\004\004\004\004\016\000\000\000\013\025\025\025\025\000\000\000\r\023\021\021\021\000\000\000\016\021\021\021\016\000\000\000\r\023\023\r\001\001\000\000\026\031\031\026\020\020\000\000\r\023\001\001\001\000\000\000\036\001\016\020\017\000\004\004\037\004\004\024\b\000\000\000\021\021\021\031\026\000\000\000\021\021\021\n\004\000\000\000\021\021\025\025\n\000\000\000\021\n\004\n\021\000\000\000\021\021\036\020\021\016\000\000\037\b\004\002\037\000\b\004\004\002\004\004\b\000\004\004\004\000\004\004\004\000\002\004\004\b\004\004\002\000\002\025\b\000\000\000\000\000\000\000\000\000\000\000\000\000\000\000\f\022\022\f\000\000\000\000\f\036\036\f\000\000\000\000\036\022\022\036\000\000\000\000\036\036\036\036\000\000\000\000\f\f\022\036\000\000\000\000\f\f\036\036\000\000\000\000\036\022\f\f\000\000\000\000\036\036\f\f\000\000\000\000\030\026\026\030\000\000\000\000\030\036\036\030\000\000\000\000\006\032\032\006\000\000\000\000\006\036\036\006\000\000\000\000\f\022\022\f\000\000\000\000\f\036\036\f\000\000\000\000\036\022\022\036\000\000\000\000\036\036\036\036\000"
	.size	Font_6x8_h, 896

	.hidden	GLCD_Font_6x8                   @ @GLCD_Font_6x8
	.type	GLCD_Font_6x8,%object
	.section	.rodata.GLCD_Font_6x8,"a",%progbits
	.globl	GLCD_Font_6x8
	.p2align	2
GLCD_Font_6x8:
	.short	6                               @ 0x6
	.short	8                               @ 0x8
	.long	32                              @ 0x20
	.long	112                             @ 0x70
	.long	Font_6x8_h
	.size	GLCD_Font_6x8, 16

	.type	Font_16x24_h,%object            @ @Font_16x24_h
	.section	.rodata.Font_16x24_h,"a",%progbits
Font_16x24_h:
	.asciz	"\000\000\000\000\000\000\000\000\000\000\000\000\000\000\000\000\000\000\000\000\000\000\000\000\000\000\000\000\000\000\000\000\000\000\000\000\000\000\000\000\000\000\000\000\000\000\000\000\000\000\200\001\200\001\200\001\200\001\200\001\200\001\200\001\200\001\200\001\200\001\200\001\200\001\200\001\000\000\000\000\200\001\200\001\000\000\000\000\000\000\000\000\000\000\000\000\000\000\000\000\314\000\314\000\314\000\314\000\314\000\314\000\000\000\000\000\000\000\000\000\000\000\000\000\000\000\000\000\000\000\000\000\000\000\000\000\000\000\000\000\000\000\000\000\000\000\000\000\000\000\000\000\000\000\000\000`\f`\f`\f0\0060\006\376\037\376\0370\0068\007\030\003\376\037\376\037\030\003\030\003\214\001\214\001\214\001\000\000\000\000\200\000\340\003\370\017\234\016\214\034\214\030\214\000\230\000\370\001\340\007\200\016\200\034\214\030\214\030\234\030\270\f\360\017\340\003\200\000\200\000\000\000\000\000\000\000\000\000\000\000\000\000\016\030\033\f\021\f\021\006\021\006\021\003\021\003\233\001\216\001\3008\300l`D`D0D0D\030D\030l\f8\000\000\000\000\000\000\000\000\340\001\360\0038\007\030\006\030\0060\003\360\001\360\000\370\000\2341\0163\006\036\006\034\006\034\006?\374s\360!\000\000\000\000\000\000\000\000\000\000\000\000\000\000\000\000\f\000\f\000\f\000\f\000\f\000\f\000\000\000\000\000\000\000\000\000\000\000\000\000\000\000\000\000\000\000\000\000\000\000\000\000\000\000\000\000\000\000\000\000\000\000\000\002\000\003\200\001\300\000\300\000`\000`\0000\0000\0000\0000\0000\0000\0000\0000\000`\000`\000\300\000\300\000\200\001\000\003\000\002\000\000\000\000 \000`\000\300\000\200\001\200\001\000\003\000\003\000\006\000\006\000\006\000\006\000\006\000\006\000\006\000\006\000\003\000\003\200\001\200\001\300\000`\000 \000\000\000\000\000\000\000\000\000\000\000\000\000\000\000\300\000\300\000\330\006\370\007\340\0010\0038\007\000\000\000\000\000\000\000\000\000\000\000\000\000\000\000\000\000\000\000\000\000\000\000\000\000\000\000\000\000\000\000\000\000\000\200\001\200\001\200\001\200\001\200\001\374?\374?\200\001\200\001\200\001\200\001\200\001\000\000\000\000\000\000\000\000\000\000\000\000\000\000\000\000\000\000\000\000\000\000\000\000\000\000\000\000\000\000\000\000\000\000\000\000\000\000\000\000\000\000\000\000\000\000\200\001\200\001\000\001\000\001\200\000\000\000\000\000\000\000\000\000\000\000\000\000\000\000\000\000\000\000\000\000\000\000\000\000\000\000\000\000\340\007\340\007\000\000\000\000\000\000\000\000\000\000\000\000\000\000\000\000\000\000\000\000\000\000\000\000\000\000\000\000\000\000\000\000\000\000\000\000\000\000\000\000\000\000\000\000\000\000\000\000\000\000\000\000\000\000\300\000\300\000\000\000\000\000\000\000\000\000\000\000\000\000\000\f\000\f\000\006\000\006\000\006\000\003\000\003\000\003\200\003\200\001\200\001\200\001\300\000\300\000\300\000`\000`\000\000\000\000\000\000\000\000\000\000\000\000\000\000\000\340\003\360\0078\016\030\f\f\030\f\030\f\030\f\030\f\030\f\030\f\030\f\030\f\030\030\f8\016\360\007\340\003\000\000\000\000\000\000\000\000\000\000\000\000\000\000\000\001\200\001\300\001\360\001\230\001\210\001\200\001\200\001\200\001\200\001\200\001\200\001\200\001\200\001\200\001\200\001\200\001\000\000\000\000\000\000\000\000\000\000\000\000\000\000\340\003\370\017\030\f\f\030\f\030\000\030\000\030\000\f\000\006\000\003\200\001\300\000`\0000\000\030\000\374\037\374\037\000\000\000\000\000\000\000\000\000\000\000\000\000\000\340\001\370\007\030\016\f\f\f\f\000\f\000\006\300\003\300\007\000\f\000\030\000\030\f\030\f\030\030\f\370\007\340\003\000\000\000\000\000\000\000\000\000\000\000\000\000\000\000\f\000\016\000\017\000\017\200\r\300\f`\f`\f0\f\030\f\f\f\374?\374?\000\f\000\f\000\f\000\f\000\000\000\000\000\000\000\000\000\000\000\000\000\000\370\017\370\017\030\000\030\000\f\000\354\003\374\007\034\016\000\034\000\030\000\030\000\030\f\030\034\f\030\016\370\007\340\003\000\000\000\000\000\000\000\000\000\000\000\000\000\000\300\007\360\0178\034\030\030\030\000\f\000\314\003\354\017<\016\034\034\f\030\f\030\f\030\030\0348\016\360\007\340\003\000\000\000\000\000\000\000\000\000\000\000\000\000\000\374\037\374\037\000\f\000\006\000\006\000\003\200\003\200\001\300\001\300\000\340\000`\000`\000p\0000\0000\0000\000\000\000\000\000\000\000\000\000\000\000\000\000\000\000\340\003\360\0078\016\030\f\030\f\030\f8\006\360\007\360\007\030\f\f\030\f\030\f\030\f\0308\f\370\017\340\003\000\000\000\000\000\000\000\000\000\000\000\000\000\000\340\003\360\0078\016\034\f\f\030\f\030\f\030\034\0348\036\370\033\340\031\000\030\000\f\000\f\034\016\370\007\360\001\000\000\000\000\000\000\000\000\000\000\000\000\000\000\000\000\000\000\000\000\000\000\000\000\200\001\200\001\000\000\000\000\000\000\000\000\000\000\000\000\000\000\000\000\200\001\200\001\000\000\000\000\000\000\000\000\000\000\000\000\000\000\000\000\000\000\000\000\000\000\000\000\200\001\200\001\000\000\000\000\000\000\000\000\000\000\000\000\000\000\000\000\200\001\200\001\000\001\000\001\200\000\000\000\000\000\000\000\000\000\000\000\000\000\000\000\000\000\000\000\000\000\000\000\000\020\000\034\200\017\340\003\370\000\030\000\370\000\340\003\200\017\000\034\000\020\000\000\000\000\000\000\000\000\000\000\000\000\000\000\000\000\000\000\000\000\000\000\000\000\000\000\370\037\000\000\000\000\000\000\370\037\000\000\000\000\000\000\000\000\000\000\000\000\000\000\000\000\000\000\000\000\000\000\000\000\000\000\000\000\000\000\000\000\000\000\000\000\000\000\b\0008\000\360\001\300\007\000\037\000\030\000\037\300\007\360\0018\000\b\000\000\000\000\000\000\000\000\000\000\000\000\000\340\003\370\017\030\f\f\030\f\030\000\030\000\f\000\006\000\003\200\001\300\000\300\000\300\000\000\000\000\000\300\000\300\000\000\000\000\000\000\000\000\000\000\000\000\000\000\000\000\000\340\007\030\030\004 \302)\"J\021D\tD\tD\tD\t\"\021\023\342\f\002@\004 \030\030\340\007\000\000\000\000\000\000\000\000\000\000\000\000\000\000\200\003\200\003\300\006\300\006\300\006`\f`\f0\0300\0300\030\370?\370?\034p\f`\f`\006\300\006\300\000\000\000\000\000\000\000\000\000\000\000\000\000\000\374\003\374\017\f\f\f\030\f\030\f\030\f\f\374\007\374\017\f\030\f0\f0\f0\f0\f\030\374\037\374\007\000\000\000\000\000\000\000\000\000\000\000\000\000\000\300\007\360\03788\0340\fp\006`\006\000\006\000\006\000\006\000\006\000\006\000\006`\fp\0340\360\037\340\007\000\000\000\000\000\000\000\000\000\000\000\000\000\000\376\003\376\017\006\016\006\030\006\030\0060\0060\0060\0060\0060\0060\0060\006\030\006\030\006\016\376\017\376\003\000\000\000\000\000\000\000\000\000\000\000\000\000\000\374?\374?\f\000\f\000\f\000\f\000\f\000\374\037\374\037\f\000\f\000\f\000\f\000\f\000\f\000\374?\374?\000\000\000\000\000\000\000\000\000\000\000\000\000\000\370?\370?\030\000\030\000\030\000\030\000\030\000\370\037\370\037\030\000\030\000\030\000\030\000\030\000\030\000\030\000\030\000\000\000\000\000\000\000\000\000\000\000\000\000\000\000\340\017\370?<x\016`\006\340\007\300\003\000\003\000\003\376\003\376\003\300\007\300\006\300\016\300<\360\370?\340\017\000\000\000\000\000\000\000\000\000\000\000\000\000\000\f0\f0\f0\f0\f0\f0\f0\374?\374?\f0\f0\f0\f0\f0\f0\f0\f0\000\000\000\000\000\000\000\000\000\000\000\000\000\000\200\001\200\001\200\001\200\001\200\001\200\001\200\001\200\001\200\001\200\001\200\001\200\001\200\001\200\001\200\001\200\001\200\001\000\000\000\000\000\000\000\000\000\000\000\000\000\000\000\006\000\006\000\006\000\006\000\006\000\006\000\006\000\006\000\006\000\006\000\006\000\006\030\006\030\0068\007\360\003\340\001\000\000\000\000\000\000\000\000\000\000\000\000\000\000\0060\006\030\006\f\006\006\006\003\206\001\306\000f\000v\000\336\000\216\001\006\003\006\006\006\f\006\030\0060\006`\000\000\000\000\000\000\000\000\000\000\000\000\000\000\030\000\030\000\030\000\030\000\030\000\030\000\030\000\030\000\030\000\030\000\030\000\030\000\030\000\030\000\030\000\370\037\370\037\000\000\000\000\000\000\000\000\000\000\000\000\000\000\016\340\036\360\036\360\036\3606\3306\3306\3306\330f\314f\314f\314\306\306\306\306\306\306\306\306\206\303\206\303\000\000\000\000\000\000\000\000\000\000\000\000\000\000\f0\0340<0<0l0l0\3140\3140\2141\f3\f3\f6\f6\f<\f<\f8\f0\000\000\000\000\000\000\000\000\000\000\000\000\000\000\340\007\370\037\0348\016p\006`\003\300\003\300\003\300\003\300\003\300\003\300\003\300\006`\016p\0348\370\037\340\007\000\000\000\000\000\000\000\000\000\000\000\000\000\000\374\017\374\037\f8\f0\f0\f0\f0\f\030\374\037\374\007\f\000\f\000\f\000\f\000\f\000\f\000\f\000\000\000\000\000\000\000\000\000\000\000\000\000\000\000\340\007\370\037\0348\016p\006`\003\340\003\300\003\300\003\300\003\300\003\300\007\340\006c\016?\034<\370?\340\367\000\300\000\000\000\000\000\000\000\000\000\000\000\000\376\017\376\037\0068\0060\0060\0060\0068\376\037\376\007\006\003\006\006\006\f\006\030\006\030\0060\0060\006`\000\000\000\000\000\000\000\000\000\000\000\000\000\000\340\003\370\017\034\f\f\030\f\030\f\000\034\000\370\003\340\017\000\036\0008\0060\0060\0160\034\034\370\017\340\007\000\000\000\000\000\000\000\000\000\000\000\000\000\000\376\177\376\177\200\001\200\001\200\001\200\001\200\001\200\001\200\001\200\001\200\001\200\001\200\001\200\001\200\001\200\001\200\001\000\000\000\000\000\000\000\000\000\000\000\000\000\000\f0\f0\f0\f0\f0\f0\f0\f0\f0\f0\f0\f0\f0\f0\030\030\370\037\340\007\000\000\000\000\000\000\000\000\000\000\000\000\000\000\003`\0060\0060\0060\f\030\f\030\f\030\030\f\030\f8\0160\0060\006p\007`\003`\003\300\001\300\001\000\000\000\000\000\000\000\000\000\000\000\000\000\000\003`\303a\303a\303af3f3f3f3f3f3l\033l\033l\033,\032<\0368\0168\016\000\000\000\000\000\000\000\000\000\000\000\000\000\000\017\340\fp\03000\030p\f`\016\300\007\200\003\200\003\300\003\340\006p\f0\034\030\030\f0\016`\007\340\000\000\000\000\000\000\000\000\000\000\000\000\000\000\003\300\006`\f0\03488\0300\f`\006\340\007\300\003\200\001\200\001\200\001\200\001\200\001\200\001\200\001\200\001\000\000\000\000\000\000\000\000\000\000\000\000\000\000\374\177\374\177\000`\0000\000\030\000\f\000\006\000\003\200\001\300\000`\0000\000\030\000\f\000\006\000\376\177\376\177\000\000\000\000\000\000\000\000\000\000\000\000\000\000\340\003\340\003`\000`\000`\000`\000`\000`\000`\000`\000`\000`\000`\000`\000`\000`\000`\000`\000`\000`\000\340\003\340\003\000\000\000\0000\0000\000`\000`\000`\000\300\000\300\000\300\000\300\001\200\001\200\001\200\001\000\003\000\003\000\003\000\006\000\006\000\000\000\000\000\000\000\000\000\000\000\000\000\000\340\003\340\003\000\003\000\003\000\003\000\003\000\003\000\003\000\003\000\003\000\003\000\003\000\003\000\003\000\003\000\003\000\003\000\003\000\003\000\003\340\003\340\003\000\000\000\000\000\000\300\001\300\001`\003`\003`\0030\0060\006\030\f\030\f\000\000\000\000\000\000\000\000\000\000\000\000\000\000\000\000\000\000\000\000\000\000\000\000\000\000\000\000\000\000\000\000\000\000\000\000\000\000\000\000\000\000\000\000\000\000\000\000\000\000\000\000\000\000\000\000\000\000\000\000\377\377\377\377\000\000\000\000\000\000\000\000\000\000\000\000\f\000\f\000\f\000\f\000\f\000\f\000\000\000\000\000\000\000\000\000\000\000\000\000\000\000\000\000\000\000\000\000\000\000\000\000\000\000\000\000\000\000\000\000\000\000\000\000\000\000\000\000\000\000\000\000\000\000\360\003\370\007\034\f\f\f\000\017\360\017\370\f\f\f\f\f\034\017\370\017\360\030\000\000\000\000\000\000\000\000\000\000\000\000\000\000\030\000\030\000\030\000\030\000\030\000\330\003\370\0178\f\030\030\030\030\030\030\030\030\030\030\030\0308\f\370\017\330\003\000\000\000\000\000\000\000\000\000\000\000\000\000\000\000\000\000\000\000\000\000\000\000\000\300\003\360\0070\016\030\f\030\000\030\000\030\000\030\000\030\f0\016\360\007\300\003\000\000\000\000\000\000\000\000\000\000\000\000\000\000\000\030\000\030\000\030\000\030\000\030\300\033\360\0370\034\030\030\030\030\030\030\030\030\030\030\030\0300\034\360\037\300\033\000\000\000\000\000\000\000\000\000\000\000\000\000\000\000\000\000\000\000\000\000\000\000\000\300\003\360\0170\f\030\030\370\037\370\037\030\000\030\0008\0300\034\360\017\300\007\000\000\000\000\000\000\000\000\000\000\000\000\000\000\200\017\300\017\300\000\300\000\300\000\360\007\360\007\300\000\300\000\300\000\300\000\300\000\300\000\300\000\300\000\300\000\300\000\000\000\000\000\000\000\000\000\000\000\000\000\000\000\000\000\000\000\000\000\000\000\000\000\340\r\370\017\030\016\f\f\f\f\f\f\f\f\f\f\f\f\030\016\370\017\340\r\000\f\f\f\034\006\370\007\360\001\000\000\000\000\030\000\030\000\030\000\030\000\030\000\330\007\370\0178\034\030\030\030\030\030\030\030\030\030\030\030\030\030\030\030\030\030\030\000\000\000\000\000\000\000\000\000\000\000\000\000\000\300\000\300\000\000\000\000\000\000\000\300\000\300\000\300\000\300\000\300\000\300\000\300\000\300\000\300\000\300\000\300\000\300\000\000\000\000\000\000\000\000\000\000\000\000\000\000\000\300\000\300\000\000\000\000\000\000\000\300\000\300\000\300\000\300\000\300\000\300\000\300\000\300\000\300\000\300\000\300\000\300\000\300\000\300\000\300\000\370\000x\000\000\000\000\000\f\000\f\000\f\000\f\000\f\000\f\f\f\006\f\003\214\001\314\000l\000\374\000\234\001\214\003\f\003\f\006\f\f\000\000\000\000\000\000\000\000\000\000\000\000\000\000\300\000\300\000\300\000\300\000\300\000\300\000\300\000\300\000\300\000\300\000\300\000\300\000\300\000\300\000\300\000\300\000\300\000\000\000\000\000\000\000\000\000\000\000\000\000\000\000\000\000\000\000\000\000\000\000\000\000|<\377~\307\343\203\301\203\301\203\301\203\301\203\301\203\301\203\301\203\301\203\301\000\000\000\000\000\000\000\000\000\000\000\000\000\000\000\000\000\000\000\000\000\000\000\000\230\007\370\0178\034\030\030\030\030\030\030\030\030\030\030\030\030\030\030\030\030\030\030\000\000\000\000\000\000\000\000\000\000\000\000\000\000\000\000\000\000\000\000\000\000\000\000\300\003\360\0170\f\030\030\030\030\030\030\030\030\030\030\030\0300\f\360\017\300\003\000\000\000\000\000\000\000\000\000\000\000\000\000\000\000\000\000\000\000\000\000\000\000\000\330\003\370\0178\f\030\030\030\030\030\030\030\030\030\030\030\0308\f\370\017\330\003\030\000\030\000\030\000\030\000\030\000\000\000\000\000\000\000\000\000\000\000\000\000\000\000\300\033\360\0370\034\030\030\030\030\030\030\030\030\030\030\030\0300\034\360\037\300\033\000\030\000\030\000\030\000\030\000\030\000\000\000\000\000\000\000\000\000\000\000\000\000\000\260\007\360\003p\0000\0000\0000\0000\0000\0000\0000\0000\0000\000\000\000\000\000\000\000\000\000\000\000\000\000\000\000\000\000\000\000\000\000\000\000\000\000\340\003\360\0038\016\030\f8\000\360\003\300\007\000\f\030\f8\016\360\007\340\003\000\000\000\000\000\000\000\000\000\000\000\000\000\000\000\000\200\000\300\000\300\000\300\000\360\007\360\007\300\000\300\000\300\000\300\000\300\000\300\000\300\000\300\000\300\007\200\007\000\000\000\000\000\000\000\000\000\000\000\000\000\000\000\000\000\000\000\000\000\000\000\000\030\030\030\030\030\030\030\030\030\030\030\030\030\030\030\030\030\0308\034\360\037\340\031\000\000\000\000\000\000\000\000\000\000\000\000\000\000\000\000\000\000\000\000\000\000\000\000\f\030\030\f\030\f\030\f0\0060\0060\006`\003`\003`\003\300\001\300\001\000\000\000\000\000\000\000\000\000\000\000\000\000\000\000\000\000\000\000\000\000\000\000\000\301A\301A\303acccccc666666\034\034\034\034\034\034\000\000\000\000\000\000\000\000\000\000\000\000\000\000\000\000\000\000\000\000\000\000\000\000\03488\0340\f`\006\300\003\300\003\300\003\300\003`\0060\f8\034\0348\000\000\000\000\000\000\000\000\000\000\000\000\000\000\000\000\000\000\000\000\000\000\000\000\03000\0300\030p\030`\f`\f\340\f\300\006\300\006\200\003\200\003\200\003\200\001\200\001\300\001\360\000p\000\000\000\000\000\000\000\000\000\000\000\000\000\000\000\374\037\374\037\000\f\000\006\000\003\200\001\300\000`\0000\000\030\000\374\037\374\037\000\000\000\000\000\000\000\000\000\000\000\000\000\000\000\003\200\001\300\000\300\000\300\000\300\000\300\000\300\000`\000`\0000\000`\000@\000\300\000\300\000\300\000\300\000\300\000\300\000\200\001\000\003\000\000\000\000\000\000\200\001\200\001\200\001\200\001\200\001\200\001\200\001\200\001\200\001\200\001\200\001\200\001\200\001\200\001\200\001\200\001\200\001\200\001\200\001\200\001\200\001\200\001\000\000\000\000`\000\300\000\300\001\200\001\200\001\200\001\200\001\200\001\000\003\000\003\000\006\000\003\000\001\200\001\200\001\200\001\200\001\200\001\200\001\300\000`\000\000\000\000\000\000\000\000\000\000\000\000\000\000\000\000\000\000\000\000\000\360\020\370\037\b\017\000\000\000\000\000\000\000\000\000\000\000\000\000\000\000\000\000\000\000\000\000\000\000\000\000\000\000\000\000\000\000\000\000\000\000\000\000\000\000\000\000\000\000\000\000\000\000\000\000\000\000\000\000\000\000\000\000\000\000\000\000\000\000\000\000\000\000\000\000\000\000\000\000\000\000\000\000\000\000\000\000\000\000\000\300\0030\f\b\020\004 \004 \002@\002@\002@\002@\002@\004 \004 \b\0200\f\300\003\000\000\000\000\000\000\000\000\000\000\000\000\000\000\000\000\000\000\300\003\360\017\370\037\374?\374?\376\177\376\177\376\177\376\177\376\177\374?\374?\370\037\360\017\300\003\000\000\000\000\000\000\000\000\000\000\000\000\000\000\000\000\000\000\000\000\000\000\340\007\360\017\030\030\030\030\030\030\030\030\030\030\030\030\360\017\340\007\000\000\000\000\000\000\000\000\000\000\000\000\000\000\000\000\000\000\000\000\000\000\000\000\000\000\000\000\340\007\360\017\370\037\370\037\370\037\370\037\370\037\370\037\360\017\340\007\000\000\000\000\000\000\000\000\000\000\000\000\000\000\000\000\000\000\000\000\000\000\000\000\000\000\000\000\000\000\000\000\000\000\000\000\000\000\200\001\300\003`\0060\f\030\030\030\030\370\037\370\037\000\000\000\000\000\000\000\000\000\000\000\000\000\000\000\000\000\000\000\000\000\000\000\000\000\000\000\000\000\000\000\000\200\001\300\003\340\007\360\017\370\037\370\037\370\037\370\037\000\000\000\000\000\000\000\000\000\000\000\000\000\000\000\000\370\037\370\037\030\030\030\0300\f`\006\300\003\200\001\000\000\000\000\000\000\000\000\000\000\000\000\000\000\000\000\000\000\000\000\000\000\000\000\000\000\000\000\000\000\000\000\370\037\370\037\370\037\370\037\360\017\340\007\300\003\200\001\000\000\000\000\000\000\000\000\000\000\000\000\000\000\000\000\000\000\000\000\000\000\000\000\000\000\000\000\000\000\000\000\000\000\000\000\000\000\340\001\360\001\230\001\214\001\206\001\206\001\214\001\230\001\360\001\340\001\000\000\000\000\000\000\000\000\000\000\000\000\000\000\000\000\000\000\000\000\000\000\000\000\000\000\000\000\340\001\360\001\370\001\374\001\376\001\376\001\374\001\370\001\360\001\340\001\000\000\000\000\000\000\000\000\000\000\000\000\000\000\000\000\000\000\000\000\000\000\000\000\000\000\000\000\200\007\200\017\200\031\2001\200a\200a\2001\200\031\200\017\200\007\000\000\000\000\000\000\000\000\000\000\000\000\000\000\000\000\000\000\000\000\000\000\000\000\000\000\000\000\200\007\200\017\200\037\200?\200\177\200\177\200?\200\037\200\017\200\007\000\000\000\000\000\000\000\000\000\000\000\000\000\000\000\000\300\001 \002 \002@\0010\006\b\b\b\b\b\b\b\b\b\b\b\b\b\b \002 \002 \002 \002 \002 \002 \002 \002 \002 \002\000\000\000\000\300\001\340\003\340\003\300\001\360\007\330\r\330\r\330\r\330\r\330\r\330\r\330\r`\003`\003`\003`\003`\003`\003`\003`\003`\003`\003\000\000\000\000\300\001 \002 \002@\0010\006\b\b\b\b\b\b\004\020\002 \002 @\001 \002 \002\020\004\b\b\b\b\004\020\004\020\004 \004@\000\000\000\000\000\000\300\001\340\003\340\003\300\001\360\007\330\r\330\r\330\r\314\031\3061\302a\300\001`\003`\003p\0068\f\030\f\f\030\f\030\f0\f`\000\000\000"
	.size	Font_16x24_h, 5376

	.hidden	GLCD_Font_16x24                 @ @GLCD_Font_16x24
	.type	GLCD_Font_16x24,%object
	.section	.rodata.GLCD_Font_16x24,"a",%progbits
	.globl	GLCD_Font_16x24
	.p2align	2
GLCD_Font_16x24:
	.short	16                              @ 0x10
	.short	24                              @ 0x18
	.long	32                              @ 0x20
	.long	112                             @ 0x70
	.long	Font_16x24_h
	.size	GLCD_Font_16x24, 16

	.section	.debug_abbrev,"",%progbits
	.byte	1                               @ Abbreviation Code
	.byte	17                              @ DW_TAG_compile_unit
	.byte	1                               @ DW_CHILDREN_yes
	.byte	37                              @ DW_AT_producer
	.byte	14                              @ DW_FORM_strp
	.byte	19                              @ DW_AT_language
	.byte	5                               @ DW_FORM_data2
	.byte	3                               @ DW_AT_name
	.byte	14                              @ DW_FORM_strp
	.byte	16                              @ DW_AT_stmt_list
	.byte	23                              @ DW_FORM_sec_offset
	.byte	27                              @ DW_AT_comp_dir
	.byte	14                              @ DW_FORM_strp
	.byte	0                               @ EOM(1)
	.byte	0                               @ EOM(2)
	.byte	2                               @ Abbreviation Code
	.byte	52                              @ DW_TAG_variable
	.byte	0                               @ DW_CHILDREN_no
	.byte	3                               @ DW_AT_name
	.byte	14                              @ DW_FORM_strp
	.byte	73                              @ DW_AT_type
	.byte	19                              @ DW_FORM_ref4
	.byte	63                              @ DW_AT_external
	.byte	25                              @ DW_FORM_flag_present
	.byte	58                              @ DW_AT_decl_file
	.byte	11                              @ DW_FORM_data1
	.byte	59                              @ DW_AT_decl_line
	.byte	5                               @ DW_FORM_data2
	.byte	2                               @ DW_AT_location
	.byte	24                              @ DW_FORM_exprloc
	.byte	0                               @ EOM(1)
	.byte	0                               @ EOM(2)
	.byte	3                               @ Abbreviation Code
	.byte	22                              @ DW_TAG_typedef
	.byte	0                               @ DW_CHILDREN_no
	.byte	73                              @ DW_AT_type
	.byte	19                              @ DW_FORM_ref4
	.byte	3                               @ DW_AT_name
	.byte	14                              @ DW_FORM_strp
	.byte	58                              @ DW_AT_decl_file
	.byte	11                              @ DW_FORM_data1
	.byte	59                              @ DW_AT_decl_line
	.byte	11                              @ DW_FORM_data1
	.byte	0                               @ EOM(1)
	.byte	0                               @ EOM(2)
	.byte	4                               @ Abbreviation Code
	.byte	38                              @ DW_TAG_const_type
	.byte	0                               @ DW_CHILDREN_no
	.byte	73                              @ DW_AT_type
	.byte	19                              @ DW_FORM_ref4
	.byte	0                               @ EOM(1)
	.byte	0                               @ EOM(2)
	.byte	5                               @ Abbreviation Code
	.byte	19                              @ DW_TAG_structure_type
	.byte	1                               @ DW_CHILDREN_yes
	.byte	3                               @ DW_AT_name
	.byte	14                              @ DW_FORM_strp
	.byte	11                              @ DW_AT_byte_size
	.byte	11                              @ DW_FORM_data1
	.byte	58                              @ DW_AT_decl_file
	.byte	11                              @ DW_FORM_data1
	.byte	59                              @ DW_AT_decl_line
	.byte	11                              @ DW_FORM_data1
	.byte	0                               @ EOM(1)
	.byte	0                               @ EOM(2)
	.byte	6                               @ Abbreviation Code
	.byte	13                              @ DW_TAG_member
	.byte	0                               @ DW_CHILDREN_no
	.byte	3                               @ DW_AT_name
	.byte	14                              @ DW_FORM_strp
	.byte	73                              @ DW_AT_type
	.byte	19                              @ DW_FORM_ref4
	.byte	58                              @ DW_AT_decl_file
	.byte	11                              @ DW_FORM_data1
	.byte	59                              @ DW_AT_decl_line
	.byte	11                              @ DW_FORM_data1
	.byte	56                              @ DW_AT_data_member_location
	.byte	11                              @ DW_FORM_data1
	.byte	0                               @ EOM(1)
	.byte	0                               @ EOM(2)
	.byte	7                               @ Abbreviation Code
	.byte	36                              @ DW_TAG_base_type
	.byte	0                               @ DW_CHILDREN_no
	.byte	3                               @ DW_AT_name
	.byte	14                              @ DW_FORM_strp
	.byte	62                              @ DW_AT_encoding
	.byte	11                              @ DW_FORM_data1
	.byte	11                              @ DW_AT_byte_size
	.byte	11                              @ DW_FORM_data1
	.byte	0                               @ EOM(1)
	.byte	0                               @ EOM(2)
	.byte	8                               @ Abbreviation Code
	.byte	15                              @ DW_TAG_pointer_type
	.byte	0                               @ DW_CHILDREN_no
	.byte	73                              @ DW_AT_type
	.byte	19                              @ DW_FORM_ref4
	.byte	0                               @ EOM(1)
	.byte	0                               @ EOM(2)
	.byte	9                               @ Abbreviation Code
	.byte	52                              @ DW_TAG_variable
	.byte	0                               @ DW_CHILDREN_no
	.byte	3                               @ DW_AT_name
	.byte	14                              @ DW_FORM_strp
	.byte	73                              @ DW_AT_type
	.byte	19                              @ DW_FORM_ref4
	.byte	58                              @ DW_AT_decl_file
	.byte	11                              @ DW_FORM_data1
	.byte	59                              @ DW_AT_decl_line
	.byte	11                              @ DW_FORM_data1
	.byte	2                               @ DW_AT_location
	.byte	24                              @ DW_FORM_exprloc
	.byte	0                               @ EOM(1)
	.byte	0                               @ EOM(2)
	.byte	10                              @ Abbreviation Code
	.byte	1                               @ DW_TAG_array_type
	.byte	1                               @ DW_CHILDREN_yes
	.byte	73                              @ DW_AT_type
	.byte	19                              @ DW_FORM_ref4
	.byte	0                               @ EOM(1)
	.byte	0                               @ EOM(2)
	.byte	11                              @ Abbreviation Code
	.byte	33                              @ DW_TAG_subrange_type
	.byte	0                               @ DW_CHILDREN_no
	.byte	73                              @ DW_AT_type
	.byte	19                              @ DW_FORM_ref4
	.byte	55                              @ DW_AT_count
	.byte	5                               @ DW_FORM_data2
	.byte	0                               @ EOM(1)
	.byte	0                               @ EOM(2)
	.byte	12                              @ Abbreviation Code
	.byte	36                              @ DW_TAG_base_type
	.byte	0                               @ DW_CHILDREN_no
	.byte	3                               @ DW_AT_name
	.byte	14                              @ DW_FORM_strp
	.byte	11                              @ DW_AT_byte_size
	.byte	11                              @ DW_FORM_data1
	.byte	62                              @ DW_AT_encoding
	.byte	11                              @ DW_FORM_data1
	.byte	0                               @ EOM(1)
	.byte	0                               @ EOM(2)
	.byte	13                              @ Abbreviation Code
	.byte	52                              @ DW_TAG_variable
	.byte	0                               @ DW_CHILDREN_no
	.byte	3                               @ DW_AT_name
	.byte	14                              @ DW_FORM_strp
	.byte	73                              @ DW_AT_type
	.byte	19                              @ DW_FORM_ref4
	.byte	58                              @ DW_AT_decl_file
	.byte	11                              @ DW_FORM_data1
	.byte	59                              @ DW_AT_decl_line
	.byte	5                               @ DW_FORM_data2
	.byte	2                               @ DW_AT_location
	.byte	24                              @ DW_FORM_exprloc
	.byte	0                               @ EOM(1)
	.byte	0                               @ EOM(2)
	.byte	0                               @ EOM(3)
	.section	.debug_info,"",%progbits
.Lcu_begin0:
	.long	.Ldebug_info_end0-.Ldebug_info_start0 @ Length of Unit
.Ldebug_info_start0:
	.short	4                               @ DWARF version number
	.long	.debug_abbrev                   @ Offset Into Abbrev. Section
	.byte	4                               @ Address Size (in bytes)
	.byte	1                               @ Abbrev [1] 0xb:0x111 DW_TAG_compile_unit
	.long	.Linfo_string0                  @ DW_AT_producer
	.short	12                              @ DW_AT_language
	.long	.Linfo_string1                  @ DW_AT_name
	.long	.Lline_table_start0             @ DW_AT_stmt_list
	.long	.Linfo_string2                  @ DW_AT_comp_dir
	.byte	2                               @ Abbrev [2] 0x1e:0x12 DW_TAG_variable
	.long	.Linfo_string3                  @ DW_AT_name
	.long	48                              @ DW_AT_type
                                        @ DW_AT_external
	.byte	3                               @ DW_AT_decl_file
	.short	722                             @ DW_AT_decl_line
	.byte	5                               @ DW_AT_location
	.byte	3
	.long	GLCD_Font_6x8
	.byte	3                               @ Abbrev [3] 0x30:0xb DW_TAG_typedef
	.long	59                              @ DW_AT_type
	.long	.Linfo_string16                 @ DW_AT_name
	.byte	2                               @ DW_AT_decl_file
	.byte	48                              @ DW_AT_decl_line
	.byte	4                               @ Abbrev [4] 0x3b:0x5 DW_TAG_const_type
	.long	64                              @ DW_AT_type
	.byte	5                               @ Abbrev [5] 0x40:0x45 DW_TAG_structure_type
	.long	.Linfo_string15                 @ DW_AT_name
	.byte	16                              @ DW_AT_byte_size
	.byte	2                               @ DW_AT_decl_file
	.byte	42                              @ DW_AT_decl_line
	.byte	6                               @ Abbrev [6] 0x48:0xc DW_TAG_member
	.long	.Linfo_string4                  @ DW_AT_name
	.long	133                             @ DW_AT_type
	.byte	2                               @ DW_AT_decl_file
	.byte	43                              @ DW_AT_decl_line
	.byte	0                               @ DW_AT_data_member_location
	.byte	6                               @ Abbrev [6] 0x54:0xc DW_TAG_member
	.long	.Linfo_string7                  @ DW_AT_name
	.long	133                             @ DW_AT_type
	.byte	2                               @ DW_AT_decl_file
	.byte	44                              @ DW_AT_decl_line
	.byte	2                               @ DW_AT_data_member_location
	.byte	6                               @ Abbrev [6] 0x60:0xc DW_TAG_member
	.long	.Linfo_string8                  @ DW_AT_name
	.long	151                             @ DW_AT_type
	.byte	2                               @ DW_AT_decl_file
	.byte	45                              @ DW_AT_decl_line
	.byte	4                               @ DW_AT_data_member_location
	.byte	6                               @ Abbrev [6] 0x6c:0xc DW_TAG_member
	.long	.Linfo_string11                 @ DW_AT_name
	.long	151                             @ DW_AT_type
	.byte	2                               @ DW_AT_decl_file
	.byte	46                              @ DW_AT_decl_line
	.byte	8                               @ DW_AT_data_member_location
	.byte	6                               @ Abbrev [6] 0x78:0xc DW_TAG_member
	.long	.Linfo_string12                 @ DW_AT_name
	.long	169                             @ DW_AT_type
	.byte	2                               @ DW_AT_decl_file
	.byte	47                              @ DW_AT_decl_line
	.byte	12                              @ DW_AT_data_member_location
	.byte	0                               @ End Of Children Mark
	.byte	3                               @ Abbrev [3] 0x85:0xb DW_TAG_typedef
	.long	144                             @ DW_AT_type
	.long	.Linfo_string6                  @ DW_AT_name
	.byte	1                               @ DW_AT_decl_file
	.byte	63                              @ DW_AT_decl_line
	.byte	7                               @ Abbrev [7] 0x90:0x7 DW_TAG_base_type
	.long	.Linfo_string5                  @ DW_AT_name
	.byte	7                               @ DW_AT_encoding
	.byte	2                               @ DW_AT_byte_size
	.byte	3                               @ Abbrev [3] 0x97:0xb DW_TAG_typedef
	.long	162                             @ DW_AT_type
	.long	.Linfo_string10                 @ DW_AT_name
	.byte	1                               @ DW_AT_decl_file
	.byte	64                              @ DW_AT_decl_line
	.byte	7                               @ Abbrev [7] 0xa2:0x7 DW_TAG_base_type
	.long	.Linfo_string9                  @ DW_AT_name
	.byte	7                               @ DW_AT_encoding
	.byte	4                               @ DW_AT_byte_size
	.byte	8                               @ Abbrev [8] 0xa9:0x5 DW_TAG_pointer_type
	.long	174                             @ DW_AT_type
	.byte	4                               @ Abbrev [4] 0xae:0x5 DW_TAG_const_type
	.long	179                             @ DW_AT_type
	.byte	3                               @ Abbrev [3] 0xb3:0xb DW_TAG_typedef
	.long	190                             @ DW_AT_type
	.long	.Linfo_string14                 @ DW_AT_name
	.byte	1                               @ DW_AT_decl_file
	.byte	62                              @ DW_AT_decl_line
	.byte	7                               @ Abbrev [7] 0xbe:0x7 DW_TAG_base_type
	.long	.Linfo_string13                 @ DW_AT_name
	.byte	8                               @ DW_AT_encoding
	.byte	1                               @ DW_AT_byte_size
	.byte	2                               @ Abbrev [2] 0xc5:0x12 DW_TAG_variable
	.long	.Linfo_string17                 @ DW_AT_name
	.long	48                              @ DW_AT_type
                                        @ DW_AT_external
	.byte	3                               @ DW_AT_decl_file
	.short	731                             @ DW_AT_decl_line
	.byte	5                               @ DW_AT_location
	.byte	3
	.long	GLCD_Font_16x24
	.byte	9                               @ Abbrev [9] 0xd7:0x11 DW_TAG_variable
	.long	.Linfo_string18                 @ DW_AT_name
	.long	232                             @ DW_AT_type
	.byte	3                               @ DW_AT_decl_file
	.byte	39                              @ DW_AT_decl_line
	.byte	5                               @ DW_AT_location
	.byte	3
	.long	Font_6x8_h
	.byte	10                              @ Abbrev [10] 0xe8:0xd DW_TAG_array_type
	.long	174                             @ DW_AT_type
	.byte	11                              @ Abbrev [11] 0xed:0x7 DW_TAG_subrange_type
	.long	245                             @ DW_AT_type
	.short	896                             @ DW_AT_count
	.byte	0                               @ End Of Children Mark
	.byte	12                              @ Abbrev [12] 0xf5:0x7 DW_TAG_base_type
	.long	.Linfo_string19                 @ DW_AT_name
	.byte	8                               @ DW_AT_byte_size
	.byte	7                               @ DW_AT_encoding
	.byte	13                              @ Abbrev [13] 0xfc:0x12 DW_TAG_variable
	.long	.Linfo_string20                 @ DW_AT_name
	.long	270                             @ DW_AT_type
	.byte	3                               @ DW_AT_decl_file
	.short	268                             @ DW_AT_decl_line
	.byte	5                               @ DW_AT_location
	.byte	3
	.long	Font_16x24_h
	.byte	10                              @ Abbrev [10] 0x10e:0xd DW_TAG_array_type
	.long	174                             @ DW_AT_type
	.byte	11                              @ Abbrev [11] 0x113:0x7 DW_TAG_subrange_type
	.long	245                             @ DW_AT_type
	.short	5376                            @ DW_AT_count
	.byte	0                               @ End Of Children Mark
	.byte	0                               @ End Of Children Mark
.Ldebug_info_end0:
	.section	.debug_str,"MS",%progbits,1
.Linfo_string0:
	.asciz	"Component: ARM Compiler 6.16 Tool: armclang [5dfeb700]" @ string offset=0
.Linfo_string1:
	.asciz	"C:/Users/philo/AppData/Local/Arm/Packs/Keil/V2M-MPS2_IOTKit_BSP/1.5.0/Boards/ARM/V2M-MPS2/Common\\GLCD_Fonts.c" @ string offset=55
.Linfo_string2:
	.asciz	"C:\\Users\\philo\\Documents\\GitHub\\code-CortexM-ret2user\\blinky_tz\\Boards\\ARM\\V2M-MPS2\\IOTKit_CM33\\IOTKit_CM33_S_NS\\IOTKit_CM33_s" @ string offset=165
.Linfo_string3:
	.asciz	"GLCD_Font_6x8"                 @ string offset=292
.Linfo_string4:
	.asciz	"width"                         @ string offset=306
.Linfo_string5:
	.asciz	"unsigned short"                @ string offset=312
.Linfo_string6:
	.asciz	"uint16_t"                      @ string offset=327
.Linfo_string7:
	.asciz	"height"                        @ string offset=336
.Linfo_string8:
	.asciz	"offset"                        @ string offset=343
.Linfo_string9:
	.asciz	"unsigned int"                  @ string offset=350
.Linfo_string10:
	.asciz	"uint32_t"                      @ string offset=363
.Linfo_string11:
	.asciz	"count"                         @ string offset=372
.Linfo_string12:
	.asciz	"bitmap"                        @ string offset=378
.Linfo_string13:
	.asciz	"unsigned char"                 @ string offset=385
.Linfo_string14:
	.asciz	"uint8_t"                       @ string offset=399
.Linfo_string15:
	.asciz	"_GLCD_FONT"                    @ string offset=407
.Linfo_string16:
	.asciz	"GLCD_FONT"                     @ string offset=418
.Linfo_string17:
	.asciz	"GLCD_Font_16x24"               @ string offset=428
.Linfo_string18:
	.asciz	"Font_6x8_h"                    @ string offset=444
.Linfo_string19:
	.asciz	"__ARRAY_SIZE_TYPE__"           @ string offset=455
.Linfo_string20:
	.asciz	"Font_16x24_h"                  @ string offset=475
	.ident	"Component: ARM Compiler 6.16 Tool: armclang [5dfeb700]"
	.section	".note.GNU-stack","",%progbits
	.ARM_attribute	16, 1	@ Tag_AV_eba
	.section	.debug_line,"",%progbits
.Lline_table_start0:
