	.text
	.syntax unified
	.eabi_attribute	67, "2.09"	@ Tag_conformance
	.cpu	cortex-m33
	.eabi_attribute	6, 17	@ Tag_CPU_arch
	.eabi_attribute	7, 77	@ Tag_CPU_arch_profile
	.eabi_attribute	8, 0	@ Tag_ARM_ISA_use
	.eabi_attribute	9, 3	@ Tag_THUMB_ISA_use
	.fpu	fpv5-sp-d16
	.eabi_attribute	27, 1	@ Tag_ABI_HardFP_use
	.eabi_attribute	36, 1	@ Tag_FP_HP_extension
	.eabi_attribute	46, 1	@ Tag_DSP_extension
	.eabi_attribute	34, 1	@ Tag_CPU_unaligned_access
	.eabi_attribute	17, 1	@ Tag_ABI_PCS_GOT_use
	.eabi_attribute	20, 2	@ Tag_ABI_FP_denormal
	.eabi_attribute	21, 0	@ Tag_ABI_FP_exceptions
	.eabi_attribute	23, 1	@ Tag_ABI_FP_number_model
	.eabi_attribute	24, 1	@ Tag_ABI_align_needed
	.eabi_attribute	25, 1	@ Tag_ABI_align_preserved
	.eabi_attribute	28, 1	@ Tag_ABI_VFP_args
	.eabi_attribute	38, 1	@ Tag_ABI_FP_16bit_format
	.eabi_attribute	18, 2	@ Tag_ABI_PCS_wchar_t
	.eabi_attribute	26, 1	@ Tag_ABI_enum_size
	.eabi_attribute	14, 0	@ Tag_ABI_PCS_R9_use
	.file	"LED_V2M-MPS2.c"
	.file	1 "C:\\" "Keil_v5\\ARM\\ARMCLANG\\Bin\\..\\include\\stdint.h"
	.file	2 "C:/Users/philo/AppData/Local/Arm/Packs/Keil/V2M-MPS2_IOTKit_BSP/1.5.0/Boards/ARM/V2M-MPS2/Common" "SMM_MPS2.h"
	.section	.text.LED_Initialize,"ax",%progbits
	.hidden	LED_Initialize                  @ -- Begin function LED_Initialize
	.globl	LED_Initialize
	.p2align	2
	.type	LED_Initialize,%function
	.code	16                              @ @LED_Initialize
	.thumb_func
LED_Initialize:
.Lfunc_begin0:
	.file	3 "C:/Users/philo/AppData/Local/Arm/Packs/Keil/V2M-MPS2_IOTKit_BSP/1.5.0/Boards/ARM/V2M-MPS2/Common" "LED_V2M-MPS2.c"
	.loc	3 66 0                          @ C:/Users/philo/AppData/Local/Arm/Packs/Keil/V2M-MPS2_IOTKit_BSP/1.5.0/Boards/ARM/V2M-MPS2/Common/LED_V2M-MPS2.c:66:0
	.fnstart
	.cfi_sections .debug_frame
	.cfi_startproc
@ %bb.0:
	ldr	r0, __arm_cp.0_0
	movs	r1, #0
.Ltmp0:
	.loc	3 74 12 prologue_end            @ C:/Users/philo/AppData/Local/Arm/Packs/Keil/V2M-MPS2_IOTKit_BSP/1.5.0/Boards/ARM/V2M-MPS2/Common/LED_V2M-MPS2.c:74:12
	str	r1, [r0]
	.loc	3 76 3                          @ C:/Users/philo/AppData/Local/Arm/Packs/Keil/V2M-MPS2_IOTKit_BSP/1.5.0/Boards/ARM/V2M-MPS2/Common/LED_V2M-MPS2.c:76:3
	movs	r0, #0
	bx	lr
.Ltmp1:
	.p2align	2
@ %bb.1:
	.loc	3 0 3 is_stmt 0                 @ C:/Users/philo/AppData/Local/Arm/Packs/Keil/V2M-MPS2_IOTKit_BSP/1.5.0/Boards/ARM/V2M-MPS2/Common/LED_V2M-MPS2.c:0:3
__arm_cp.0_0:
	.long	1076887556                      @ 0x40300004
.Lcpi_end0:
	.size	__arm_cp.0_0, .Lcpi_end0-__arm_cp.0_0
.Lfunc_end0:
	.size	LED_Initialize, .Lfunc_end0-LED_Initialize
	.cfi_endproc
	.cantunwind
	.fnend
                                        @ -- End function
	.section	.text.LED_Uninitialize,"ax",%progbits
	.hidden	LED_Uninitialize                @ -- Begin function LED_Uninitialize
	.globl	LED_Uninitialize
	.p2align	1
	.type	LED_Uninitialize,%function
	.code	16                              @ @LED_Uninitialize
	.thumb_func
LED_Uninitialize:
.Lfunc_begin1:
	.loc	3 86 0 is_stmt 1                @ C:/Users/philo/AppData/Local/Arm/Packs/Keil/V2M-MPS2_IOTKit_BSP/1.5.0/Boards/ARM/V2M-MPS2/Common/LED_V2M-MPS2.c:86:0
	.fnstart
	.cfi_startproc
@ %bb.0:
	.loc	3 88 3 prologue_end             @ C:/Users/philo/AppData/Local/Arm/Packs/Keil/V2M-MPS2_IOTKit_BSP/1.5.0/Boards/ARM/V2M-MPS2/Common/LED_V2M-MPS2.c:88:3
	movs	r0, #0
	bx	lr
.Ltmp2:
.Lfunc_end1:
	.size	LED_Uninitialize, .Lfunc_end1-LED_Uninitialize
	.cfi_endproc
	.cantunwind
	.fnend
                                        @ -- End function
	.section	.text.LED_On,"ax",%progbits
	.hidden	LED_On                          @ -- Begin function LED_On
	.globl	LED_On
	.p2align	2
	.type	LED_On,%function
	.code	16                              @ @LED_On
	.thumb_func
LED_On:
.Lfunc_begin2:
	.loc	3 99 0                          @ C:/Users/philo/AppData/Local/Arm/Packs/Keil/V2M-MPS2_IOTKit_BSP/1.5.0/Boards/ARM/V2M-MPS2/Common/LED_V2M-MPS2.c:99:0
	.fnstart
	.cfi_startproc
@ %bb.0:
	@DEBUG_VALUE: LED_On:num <- $r0
	@DEBUG_VALUE: LED_On:num <- $r0
	.loc	3 101 7 prologue_end            @ C:/Users/philo/AppData/Local/Arm/Packs/Keil/V2M-MPS2_IOTKit_BSP/1.5.0/Boards/ARM/V2M-MPS2/Common/LED_V2M-MPS2.c:101:7
	cmp	r0, #7
	bhi	.LBB2_2
.Ltmp3:
@ %bb.1:
	@DEBUG_VALUE: LED_On:num <- $r0
	.loc	3 0 7 is_stmt 0                 @ C:/Users/philo/AppData/Local/Arm/Packs/Keil/V2M-MPS2_IOTKit_BSP/1.5.0/Boards/ARM/V2M-MPS2/Common/LED_V2M-MPS2.c:0:7
	movs	r1, #1
.Ltmp4:
	.loc	3 102 22 is_stmt 1              @ C:/Users/philo/AppData/Local/Arm/Packs/Keil/V2M-MPS2_IOTKit_BSP/1.5.0/Boards/ARM/V2M-MPS2/Common/LED_V2M-MPS2.c:102:22
	lsl.w	r0, r1, r0
.Ltmp5:
	@DEBUG_VALUE: LED_On:num <- [DW_OP_LLVM_entry_value 1] $r0
	.loc	3 0 22 is_stmt 0                @ C:/Users/philo/AppData/Local/Arm/Packs/Keil/V2M-MPS2_IOTKit_BSP/1.5.0/Boards/ARM/V2M-MPS2/Common/LED_V2M-MPS2.c:0:22
	ldr	r1, __arm_cp.2_0
	.loc	3 102 14                        @ C:/Users/philo/AppData/Local/Arm/Packs/Keil/V2M-MPS2_IOTKit_BSP/1.5.0/Boards/ARM/V2M-MPS2/Common/LED_V2M-MPS2.c:102:14
	ldr	r2, [r1]
	orrs	r0, r2
	str	r0, [r1]
.Ltmp6:
.LBB2_2:
	.loc	3 105 3 is_stmt 1               @ C:/Users/philo/AppData/Local/Arm/Packs/Keil/V2M-MPS2_IOTKit_BSP/1.5.0/Boards/ARM/V2M-MPS2/Common/LED_V2M-MPS2.c:105:3
	movs	r0, #0
	bx	lr
.Ltmp7:
	.p2align	2
@ %bb.3:
	.loc	3 0 3 is_stmt 0                 @ C:/Users/philo/AppData/Local/Arm/Packs/Keil/V2M-MPS2_IOTKit_BSP/1.5.0/Boards/ARM/V2M-MPS2/Common/LED_V2M-MPS2.c:0:3
__arm_cp.2_0:
	.long	1076887556                      @ 0x40300004
.Lcpi_end1:
	.size	__arm_cp.2_0, .Lcpi_end1-__arm_cp.2_0
.Lfunc_end2:
	.size	LED_On, .Lfunc_end2-LED_On
	.cfi_endproc
	.cantunwind
	.fnend
                                        @ -- End function
	.section	.text.LED_Off,"ax",%progbits
	.hidden	LED_Off                         @ -- Begin function LED_Off
	.globl	LED_Off
	.p2align	2
	.type	LED_Off,%function
	.code	16                              @ @LED_Off
	.thumb_func
LED_Off:
.Lfunc_begin3:
	.loc	3 116 0 is_stmt 1               @ C:/Users/philo/AppData/Local/Arm/Packs/Keil/V2M-MPS2_IOTKit_BSP/1.5.0/Boards/ARM/V2M-MPS2/Common/LED_V2M-MPS2.c:116:0
	.fnstart
	.cfi_startproc
@ %bb.0:
	@DEBUG_VALUE: LED_Off:num <- $r0
	@DEBUG_VALUE: LED_Off:num <- $r0
	.loc	3 118 7 prologue_end            @ C:/Users/philo/AppData/Local/Arm/Packs/Keil/V2M-MPS2_IOTKit_BSP/1.5.0/Boards/ARM/V2M-MPS2/Common/LED_V2M-MPS2.c:118:7
	cmp	r0, #7
	bhi	.LBB3_2
.Ltmp8:
@ %bb.1:
	@DEBUG_VALUE: LED_Off:num <- $r0
	.loc	3 0 7 is_stmt 0                 @ C:/Users/philo/AppData/Local/Arm/Packs/Keil/V2M-MPS2_IOTKit_BSP/1.5.0/Boards/ARM/V2M-MPS2/Common/LED_V2M-MPS2.c:0:7
	movs	r1, #1
.Ltmp9:
	.loc	3 119 22 is_stmt 1              @ C:/Users/philo/AppData/Local/Arm/Packs/Keil/V2M-MPS2_IOTKit_BSP/1.5.0/Boards/ARM/V2M-MPS2/Common/LED_V2M-MPS2.c:119:22
	lsl.w	r0, r1, r0
.Ltmp10:
	@DEBUG_VALUE: LED_Off:num <- [DW_OP_LLVM_entry_value 1] $r0
	.loc	3 0 22 is_stmt 0                @ C:/Users/philo/AppData/Local/Arm/Packs/Keil/V2M-MPS2_IOTKit_BSP/1.5.0/Boards/ARM/V2M-MPS2/Common/LED_V2M-MPS2.c:0:22
	ldr	r1, __arm_cp.3_0
	.loc	3 119 14                        @ C:/Users/philo/AppData/Local/Arm/Packs/Keil/V2M-MPS2_IOTKit_BSP/1.5.0/Boards/ARM/V2M-MPS2/Common/LED_V2M-MPS2.c:119:14
	ldr	r2, [r1]
	bic.w	r0, r2, r0
	str	r0, [r1]
.Ltmp11:
.LBB3_2:
	.loc	3 122 3 is_stmt 1               @ C:/Users/philo/AppData/Local/Arm/Packs/Keil/V2M-MPS2_IOTKit_BSP/1.5.0/Boards/ARM/V2M-MPS2/Common/LED_V2M-MPS2.c:122:3
	movs	r0, #0
	bx	lr
.Ltmp12:
	.p2align	2
@ %bb.3:
	.loc	3 0 3 is_stmt 0                 @ C:/Users/philo/AppData/Local/Arm/Packs/Keil/V2M-MPS2_IOTKit_BSP/1.5.0/Boards/ARM/V2M-MPS2/Common/LED_V2M-MPS2.c:0:3
__arm_cp.3_0:
	.long	1076887556                      @ 0x40300004
.Lcpi_end2:
	.size	__arm_cp.3_0, .Lcpi_end2-__arm_cp.3_0
.Lfunc_end3:
	.size	LED_Off, .Lfunc_end3-LED_Off
	.cfi_endproc
	.cantunwind
	.fnend
                                        @ -- End function
	.section	.text.LED_SetOut,"ax",%progbits
	.hidden	LED_SetOut                      @ -- Begin function LED_SetOut
	.globl	LED_SetOut
	.p2align	2
	.type	LED_SetOut,%function
	.code	16                              @ @LED_SetOut
	.thumb_func
LED_SetOut:
.Lfunc_begin4:
	.loc	3 133 0 is_stmt 1               @ C:/Users/philo/AppData/Local/Arm/Packs/Keil/V2M-MPS2_IOTKit_BSP/1.5.0/Boards/ARM/V2M-MPS2/Common/LED_V2M-MPS2.c:133:0
	.fnstart
	.cfi_startproc
@ %bb.0:
	@DEBUG_VALUE: LED_SetOut:val <- $r0
	@DEBUG_VALUE: LED_SetOut:val <- $r0
	.loc	3 145 18 prologue_end           @ C:/Users/philo/AppData/Local/Arm/Packs/Keil/V2M-MPS2_IOTKit_BSP/1.5.0/Boards/ARM/V2M-MPS2/Common/LED_V2M-MPS2.c:145:18
	uxtb	r0, r0
.Ltmp13:
	@DEBUG_VALUE: LED_SetOut:val <- [DW_OP_LLVM_entry_value 1] $r0
	.loc	3 0 18 is_stmt 0                @ C:/Users/philo/AppData/Local/Arm/Packs/Keil/V2M-MPS2_IOTKit_BSP/1.5.0/Boards/ARM/V2M-MPS2/Common/LED_V2M-MPS2.c:0:18
	ldr	r1, __arm_cp.4_0
	.loc	3 145 12                        @ C:/Users/philo/AppData/Local/Arm/Packs/Keil/V2M-MPS2_IOTKit_BSP/1.5.0/Boards/ARM/V2M-MPS2/Common/LED_V2M-MPS2.c:145:12
	str	r0, [r1]
	.loc	3 147 3 is_stmt 1               @ C:/Users/philo/AppData/Local/Arm/Packs/Keil/V2M-MPS2_IOTKit_BSP/1.5.0/Boards/ARM/V2M-MPS2/Common/LED_V2M-MPS2.c:147:3
	movs	r0, #0
	bx	lr
.Ltmp14:
	.p2align	2
@ %bb.1:
	.loc	3 0 3 is_stmt 0                 @ C:/Users/philo/AppData/Local/Arm/Packs/Keil/V2M-MPS2_IOTKit_BSP/1.5.0/Boards/ARM/V2M-MPS2/Common/LED_V2M-MPS2.c:0:3
__arm_cp.4_0:
	.long	1076887556                      @ 0x40300004
.Lcpi_end3:
	.size	__arm_cp.4_0, .Lcpi_end3-__arm_cp.4_0
.Lfunc_end4:
	.size	LED_SetOut, .Lfunc_end4-LED_SetOut
	.cfi_endproc
	.cantunwind
	.fnend
                                        @ -- End function
	.section	.text.LED_GetCount,"ax",%progbits
	.hidden	LED_GetCount                    @ -- Begin function LED_GetCount
	.globl	LED_GetCount
	.p2align	1
	.type	LED_GetCount,%function
	.code	16                              @ @LED_GetCount
	.thumb_func
LED_GetCount:
.Lfunc_begin5:
	.loc	3 155 0 is_stmt 1               @ C:/Users/philo/AppData/Local/Arm/Packs/Keil/V2M-MPS2_IOTKit_BSP/1.5.0/Boards/ARM/V2M-MPS2/Common/LED_V2M-MPS2.c:155:0
	.fnstart
	.cfi_startproc
@ %bb.0:
	.loc	3 157 3 prologue_end            @ C:/Users/philo/AppData/Local/Arm/Packs/Keil/V2M-MPS2_IOTKit_BSP/1.5.0/Boards/ARM/V2M-MPS2/Common/LED_V2M-MPS2.c:157:3
	movs	r0, #8
	bx	lr
.Ltmp15:
.Lfunc_end5:
	.size	LED_GetCount, .Lfunc_end5-LED_GetCount
	.cfi_endproc
	.cantunwind
	.fnend
                                        @ -- End function
	.section	.debug_loc,"",%progbits
.Ldebug_loc0:
	.long	-1
	.long	.Lfunc_begin2                   @   base address
	.long	.Lfunc_begin2-.Lfunc_begin2
	.long	.Ltmp5-.Lfunc_begin2
	.short	1                               @ Loc expr size
	.byte	80                              @ DW_OP_reg0
	.long	.Ltmp5-.Lfunc_begin2
	.long	.Ltmp6-.Lfunc_begin2
	.short	4                               @ Loc expr size
	.byte	243                             @ DW_OP_GNU_entry_value
	.byte	1                               @ 1
	.byte	80                              @ DW_OP_reg0
	.byte	159                             @ DW_OP_stack_value
	.long	0
	.long	0
.Ldebug_loc1:
	.long	-1
	.long	.Lfunc_begin3                   @   base address
	.long	.Lfunc_begin3-.Lfunc_begin3
	.long	.Ltmp10-.Lfunc_begin3
	.short	1                               @ Loc expr size
	.byte	80                              @ DW_OP_reg0
	.long	.Ltmp10-.Lfunc_begin3
	.long	.Ltmp11-.Lfunc_begin3
	.short	4                               @ Loc expr size
	.byte	243                             @ DW_OP_GNU_entry_value
	.byte	1                               @ 1
	.byte	80                              @ DW_OP_reg0
	.byte	159                             @ DW_OP_stack_value
	.long	0
	.long	0
.Ldebug_loc2:
	.long	-1
	.long	.Lfunc_begin4                   @   base address
	.long	.Lfunc_begin4-.Lfunc_begin4
	.long	.Ltmp13-.Lfunc_begin4
	.short	1                               @ Loc expr size
	.byte	80                              @ DW_OP_reg0
	.long	.Ltmp13-.Lfunc_begin4
	.long	.Ltmp14-.Lfunc_begin4
	.short	4                               @ Loc expr size
	.byte	243                             @ DW_OP_GNU_entry_value
	.byte	1                               @ 1
	.byte	80                              @ DW_OP_reg0
	.byte	159                             @ DW_OP_stack_value
	.long	0
	.long	0
	.section	.debug_abbrev,"",%progbits
	.byte	1                               @ Abbreviation Code
	.byte	17                              @ DW_TAG_compile_unit
	.byte	1                               @ DW_CHILDREN_yes
	.byte	37                              @ DW_AT_producer
	.byte	14                              @ DW_FORM_strp
	.byte	19                              @ DW_AT_language
	.byte	5                               @ DW_FORM_data2
	.byte	3                               @ DW_AT_name
	.byte	14                              @ DW_FORM_strp
	.byte	16                              @ DW_AT_stmt_list
	.byte	23                              @ DW_FORM_sec_offset
	.byte	27                              @ DW_AT_comp_dir
	.byte	14                              @ DW_FORM_strp
	.byte	17                              @ DW_AT_low_pc
	.byte	1                               @ DW_FORM_addr
	.byte	85                              @ DW_AT_ranges
	.byte	23                              @ DW_FORM_sec_offset
	.byte	0                               @ EOM(1)
	.byte	0                               @ EOM(2)
	.byte	2                               @ Abbreviation Code
	.byte	15                              @ DW_TAG_pointer_type
	.byte	0                               @ DW_CHILDREN_no
	.byte	73                              @ DW_AT_type
	.byte	19                              @ DW_FORM_ref4
	.byte	0                               @ EOM(1)
	.byte	0                               @ EOM(2)
	.byte	3                               @ Abbreviation Code
	.byte	22                              @ DW_TAG_typedef
	.byte	0                               @ DW_CHILDREN_no
	.byte	73                              @ DW_AT_type
	.byte	19                              @ DW_FORM_ref4
	.byte	3                               @ DW_AT_name
	.byte	14                              @ DW_FORM_strp
	.byte	58                              @ DW_AT_decl_file
	.byte	11                              @ DW_FORM_data1
	.byte	59                              @ DW_AT_decl_line
	.byte	11                              @ DW_FORM_data1
	.byte	0                               @ EOM(1)
	.byte	0                               @ EOM(2)
	.byte	4                               @ Abbreviation Code
	.byte	19                              @ DW_TAG_structure_type
	.byte	1                               @ DW_CHILDREN_yes
	.byte	11                              @ DW_AT_byte_size
	.byte	5                               @ DW_FORM_data2
	.byte	58                              @ DW_AT_decl_file
	.byte	11                              @ DW_FORM_data1
	.byte	59                              @ DW_AT_decl_line
	.byte	11                              @ DW_FORM_data1
	.byte	0                               @ EOM(1)
	.byte	0                               @ EOM(2)
	.byte	5                               @ Abbreviation Code
	.byte	13                              @ DW_TAG_member
	.byte	0                               @ DW_CHILDREN_no
	.byte	3                               @ DW_AT_name
	.byte	14                              @ DW_FORM_strp
	.byte	73                              @ DW_AT_type
	.byte	19                              @ DW_FORM_ref4
	.byte	58                              @ DW_AT_decl_file
	.byte	11                              @ DW_FORM_data1
	.byte	59                              @ DW_AT_decl_line
	.byte	11                              @ DW_FORM_data1
	.byte	56                              @ DW_AT_data_member_location
	.byte	11                              @ DW_FORM_data1
	.byte	0                               @ EOM(1)
	.byte	0                               @ EOM(2)
	.byte	6                               @ Abbreviation Code
	.byte	13                              @ DW_TAG_member
	.byte	0                               @ DW_CHILDREN_no
	.byte	3                               @ DW_AT_name
	.byte	14                              @ DW_FORM_strp
	.byte	73                              @ DW_AT_type
	.byte	19                              @ DW_FORM_ref4
	.byte	58                              @ DW_AT_decl_file
	.byte	11                              @ DW_FORM_data1
	.byte	59                              @ DW_AT_decl_line
	.byte	11                              @ DW_FORM_data1
	.byte	56                              @ DW_AT_data_member_location
	.byte	5                               @ DW_FORM_data2
	.byte	0                               @ EOM(1)
	.byte	0                               @ EOM(2)
	.byte	7                               @ Abbreviation Code
	.byte	53                              @ DW_TAG_volatile_type
	.byte	0                               @ DW_CHILDREN_no
	.byte	73                              @ DW_AT_type
	.byte	19                              @ DW_FORM_ref4
	.byte	0                               @ EOM(1)
	.byte	0                               @ EOM(2)
	.byte	8                               @ Abbreviation Code
	.byte	36                              @ DW_TAG_base_type
	.byte	0                               @ DW_CHILDREN_no
	.byte	3                               @ DW_AT_name
	.byte	14                              @ DW_FORM_strp
	.byte	62                              @ DW_AT_encoding
	.byte	11                              @ DW_FORM_data1
	.byte	11                              @ DW_AT_byte_size
	.byte	11                              @ DW_FORM_data1
	.byte	0                               @ EOM(1)
	.byte	0                               @ EOM(2)
	.byte	9                               @ Abbreviation Code
	.byte	38                              @ DW_TAG_const_type
	.byte	0                               @ DW_CHILDREN_no
	.byte	73                              @ DW_AT_type
	.byte	19                              @ DW_FORM_ref4
	.byte	0                               @ EOM(1)
	.byte	0                               @ EOM(2)
	.byte	10                              @ Abbreviation Code
	.byte	1                               @ DW_TAG_array_type
	.byte	1                               @ DW_CHILDREN_yes
	.byte	73                              @ DW_AT_type
	.byte	19                              @ DW_FORM_ref4
	.byte	0                               @ EOM(1)
	.byte	0                               @ EOM(2)
	.byte	11                              @ Abbreviation Code
	.byte	33                              @ DW_TAG_subrange_type
	.byte	0                               @ DW_CHILDREN_no
	.byte	73                              @ DW_AT_type
	.byte	19                              @ DW_FORM_ref4
	.byte	55                              @ DW_AT_count
	.byte	11                              @ DW_FORM_data1
	.byte	0                               @ EOM(1)
	.byte	0                               @ EOM(2)
	.byte	12                              @ Abbreviation Code
	.byte	36                              @ DW_TAG_base_type
	.byte	0                               @ DW_CHILDREN_no
	.byte	3                               @ DW_AT_name
	.byte	14                              @ DW_FORM_strp
	.byte	11                              @ DW_AT_byte_size
	.byte	11                              @ DW_FORM_data1
	.byte	62                              @ DW_AT_encoding
	.byte	11                              @ DW_FORM_data1
	.byte	0                               @ EOM(1)
	.byte	0                               @ EOM(2)
	.byte	13                              @ Abbreviation Code
	.byte	33                              @ DW_TAG_subrange_type
	.byte	0                               @ DW_CHILDREN_no
	.byte	73                              @ DW_AT_type
	.byte	19                              @ DW_FORM_ref4
	.byte	55                              @ DW_AT_count
	.byte	5                               @ DW_FORM_data2
	.byte	0                               @ EOM(1)
	.byte	0                               @ EOM(2)
	.byte	14                              @ Abbreviation Code
	.byte	46                              @ DW_TAG_subprogram
	.byte	0                               @ DW_CHILDREN_no
	.byte	17                              @ DW_AT_low_pc
	.byte	1                               @ DW_FORM_addr
	.byte	18                              @ DW_AT_high_pc
	.byte	6                               @ DW_FORM_data4
	.byte	64                              @ DW_AT_frame_base
	.byte	24                              @ DW_FORM_exprloc
	.ascii	"\227B"                         @ DW_AT_GNU_all_call_sites
	.byte	25                              @ DW_FORM_flag_present
	.byte	3                               @ DW_AT_name
	.byte	14                              @ DW_FORM_strp
	.byte	58                              @ DW_AT_decl_file
	.byte	11                              @ DW_FORM_data1
	.byte	59                              @ DW_AT_decl_line
	.byte	11                              @ DW_FORM_data1
	.byte	39                              @ DW_AT_prototyped
	.byte	25                              @ DW_FORM_flag_present
	.byte	73                              @ DW_AT_type
	.byte	19                              @ DW_FORM_ref4
	.byte	63                              @ DW_AT_external
	.byte	25                              @ DW_FORM_flag_present
	.byte	0                               @ EOM(1)
	.byte	0                               @ EOM(2)
	.byte	15                              @ Abbreviation Code
	.byte	46                              @ DW_TAG_subprogram
	.byte	1                               @ DW_CHILDREN_yes
	.byte	17                              @ DW_AT_low_pc
	.byte	1                               @ DW_FORM_addr
	.byte	18                              @ DW_AT_high_pc
	.byte	6                               @ DW_FORM_data4
	.byte	64                              @ DW_AT_frame_base
	.byte	24                              @ DW_FORM_exprloc
	.ascii	"\227B"                         @ DW_AT_GNU_all_call_sites
	.byte	25                              @ DW_FORM_flag_present
	.byte	3                               @ DW_AT_name
	.byte	14                              @ DW_FORM_strp
	.byte	58                              @ DW_AT_decl_file
	.byte	11                              @ DW_FORM_data1
	.byte	59                              @ DW_AT_decl_line
	.byte	11                              @ DW_FORM_data1
	.byte	39                              @ DW_AT_prototyped
	.byte	25                              @ DW_FORM_flag_present
	.byte	73                              @ DW_AT_type
	.byte	19                              @ DW_FORM_ref4
	.byte	63                              @ DW_AT_external
	.byte	25                              @ DW_FORM_flag_present
	.byte	0                               @ EOM(1)
	.byte	0                               @ EOM(2)
	.byte	16                              @ Abbreviation Code
	.byte	5                               @ DW_TAG_formal_parameter
	.byte	0                               @ DW_CHILDREN_no
	.byte	2                               @ DW_AT_location
	.byte	23                              @ DW_FORM_sec_offset
	.byte	3                               @ DW_AT_name
	.byte	14                              @ DW_FORM_strp
	.byte	58                              @ DW_AT_decl_file
	.byte	11                              @ DW_FORM_data1
	.byte	59                              @ DW_AT_decl_line
	.byte	11                              @ DW_FORM_data1
	.byte	73                              @ DW_AT_type
	.byte	19                              @ DW_FORM_ref4
	.byte	0                               @ EOM(1)
	.byte	0                               @ EOM(2)
	.byte	0                               @ EOM(3)
	.section	.debug_info,"",%progbits
.Lcu_begin0:
	.long	.Ldebug_info_end0-.Ldebug_info_start0 @ Length of Unit
.Ldebug_info_start0:
	.short	4                               @ DWARF version number
	.long	.debug_abbrev                   @ Offset Into Abbrev. Section
	.byte	4                               @ Address Size (in bytes)
	.byte	1                               @ Abbrev [1] 0xb:0x1f2 DW_TAG_compile_unit
	.long	.Linfo_string0                  @ DW_AT_producer
	.short	12                              @ DW_AT_language
	.long	.Linfo_string1                  @ DW_AT_name
	.long	.Lline_table_start0             @ DW_AT_stmt_list
	.long	.Linfo_string2                  @ DW_AT_comp_dir
	.long	0                               @ DW_AT_low_pc
	.long	.Ldebug_ranges0                 @ DW_AT_ranges
	.byte	2                               @ Abbrev [2] 0x26:0x5 DW_TAG_pointer_type
	.long	43                              @ DW_AT_type
	.byte	3                               @ Abbrev [3] 0x2b:0xb DW_TAG_typedef
	.long	54                              @ DW_AT_type
	.long	.Linfo_string21                 @ DW_AT_name
	.byte	2                               @ DW_AT_decl_file
	.byte	137                             @ DW_AT_decl_line
	.byte	4                               @ Abbrev [4] 0x36:0xbe DW_TAG_structure_type
	.short	4096                            @ DW_AT_byte_size
	.byte	2                               @ DW_AT_decl_file
	.byte	85                              @ DW_AT_decl_line
	.byte	5                               @ Abbrev [5] 0x3b:0xc DW_TAG_member
	.long	.Linfo_string3                  @ DW_AT_name
	.long	244                             @ DW_AT_type
	.byte	2                               @ DW_AT_decl_file
	.byte	87                              @ DW_AT_decl_line
	.byte	0                               @ DW_AT_data_member_location
	.byte	5                               @ Abbrev [5] 0x47:0xc DW_TAG_member
	.long	.Linfo_string6                  @ DW_AT_name
	.long	244                             @ DW_AT_type
	.byte	2                               @ DW_AT_decl_file
	.byte	89                              @ DW_AT_decl_line
	.byte	4                               @ DW_AT_data_member_location
	.byte	5                               @ Abbrev [5] 0x53:0xc DW_TAG_member
	.long	.Linfo_string7                  @ DW_AT_name
	.long	244                             @ DW_AT_type
	.byte	2                               @ DW_AT_decl_file
	.byte	92                              @ DW_AT_decl_line
	.byte	8                               @ DW_AT_data_member_location
	.byte	5                               @ Abbrev [5] 0x5f:0xc DW_TAG_member
	.long	.Linfo_string8                  @ DW_AT_name
	.long	267                             @ DW_AT_type
	.byte	2                               @ DW_AT_decl_file
	.byte	94                              @ DW_AT_decl_line
	.byte	12                              @ DW_AT_data_member_location
	.byte	5                               @ Abbrev [5] 0x6b:0xc DW_TAG_member
	.long	.Linfo_string9                  @ DW_AT_name
	.long	267                             @ DW_AT_type
	.byte	2                               @ DW_AT_decl_file
	.byte	97                              @ DW_AT_decl_line
	.byte	16                              @ DW_AT_data_member_location
	.byte	5                               @ Abbrev [5] 0x77:0xc DW_TAG_member
	.long	.Linfo_string10                 @ DW_AT_name
	.long	272                             @ DW_AT_type
	.byte	2                               @ DW_AT_decl_file
	.byte	100                             @ DW_AT_decl_line
	.byte	20                              @ DW_AT_data_member_location
	.byte	5                               @ Abbrev [5] 0x83:0xc DW_TAG_member
	.long	.Linfo_string12                 @ DW_AT_name
	.long	244                             @ DW_AT_type
	.byte	2                               @ DW_AT_decl_file
	.byte	101                             @ DW_AT_decl_line
	.byte	160                             @ DW_AT_data_member_location
	.byte	5                               @ Abbrev [5] 0x8f:0xc DW_TAG_member
	.long	.Linfo_string13                 @ DW_AT_name
	.long	244                             @ DW_AT_type
	.byte	2                               @ DW_AT_decl_file
	.byte	103                             @ DW_AT_decl_line
	.byte	164                             @ DW_AT_data_member_location
	.byte	5                               @ Abbrev [5] 0x9b:0xc DW_TAG_member
	.long	.Linfo_string14                 @ DW_AT_name
	.long	244                             @ DW_AT_type
	.byte	2                               @ DW_AT_decl_file
	.byte	105                             @ DW_AT_decl_line
	.byte	168                             @ DW_AT_data_member_location
	.byte	5                               @ Abbrev [5] 0xa7:0xc DW_TAG_member
	.long	.Linfo_string15                 @ DW_AT_name
	.long	244                             @ DW_AT_type
	.byte	2                               @ DW_AT_decl_file
	.byte	112                             @ DW_AT_decl_line
	.byte	172                             @ DW_AT_data_member_location
	.byte	5                               @ Abbrev [5] 0xb3:0xc DW_TAG_member
	.long	.Linfo_string16                 @ DW_AT_name
	.long	291                             @ DW_AT_type
	.byte	2                               @ DW_AT_decl_file
	.byte	116                             @ DW_AT_decl_line
	.byte	176                             @ DW_AT_data_member_location
	.byte	6                               @ Abbrev [6] 0xbf:0xd DW_TAG_member
	.long	.Linfo_string17                 @ DW_AT_name
	.long	244                             @ DW_AT_type
	.byte	2                               @ DW_AT_decl_file
	.byte	117                             @ DW_AT_decl_line
	.short	256                             @ DW_AT_data_member_location
	.byte	6                               @ Abbrev [6] 0xcc:0xd DW_TAG_member
	.long	.Linfo_string18                 @ DW_AT_name
	.long	303                             @ DW_AT_type
	.byte	2                               @ DW_AT_decl_file
	.byte	122                             @ DW_AT_decl_line
	.short	260                             @ DW_AT_data_member_location
	.byte	6                               @ Abbrev [6] 0xd9:0xd DW_TAG_member
	.long	.Linfo_string19                 @ DW_AT_name
	.long	267                             @ DW_AT_type
	.byte	2                               @ DW_AT_decl_file
	.byte	123                             @ DW_AT_decl_line
	.short	4088                            @ DW_AT_data_member_location
	.byte	6                               @ Abbrev [6] 0xe6:0xd DW_TAG_member
	.long	.Linfo_string20                 @ DW_AT_name
	.long	267                             @ DW_AT_type
	.byte	2                               @ DW_AT_decl_file
	.byte	131                             @ DW_AT_decl_line
	.short	4092                            @ DW_AT_data_member_location
	.byte	0                               @ End Of Children Mark
	.byte	7                               @ Abbrev [7] 0xf4:0x5 DW_TAG_volatile_type
	.long	249                             @ DW_AT_type
	.byte	3                               @ Abbrev [3] 0xf9:0xb DW_TAG_typedef
	.long	260                             @ DW_AT_type
	.long	.Linfo_string5                  @ DW_AT_name
	.byte	1                               @ DW_AT_decl_file
	.byte	64                              @ DW_AT_decl_line
	.byte	8                               @ Abbrev [8] 0x104:0x7 DW_TAG_base_type
	.long	.Linfo_string4                  @ DW_AT_name
	.byte	7                               @ DW_AT_encoding
	.byte	4                               @ DW_AT_byte_size
	.byte	9                               @ Abbrev [9] 0x10b:0x5 DW_TAG_const_type
	.long	244                             @ DW_AT_type
	.byte	10                              @ Abbrev [10] 0x110:0xc DW_TAG_array_type
	.long	249                             @ DW_AT_type
	.byte	11                              @ Abbrev [11] 0x115:0x6 DW_TAG_subrange_type
	.long	284                             @ DW_AT_type
	.byte	35                              @ DW_AT_count
	.byte	0                               @ End Of Children Mark
	.byte	12                              @ Abbrev [12] 0x11c:0x7 DW_TAG_base_type
	.long	.Linfo_string11                 @ DW_AT_name
	.byte	8                               @ DW_AT_byte_size
	.byte	7                               @ DW_AT_encoding
	.byte	10                              @ Abbrev [10] 0x123:0xc DW_TAG_array_type
	.long	244                             @ DW_AT_type
	.byte	11                              @ Abbrev [11] 0x128:0x6 DW_TAG_subrange_type
	.long	284                             @ DW_AT_type
	.byte	20                              @ DW_AT_count
	.byte	0                               @ End Of Children Mark
	.byte	10                              @ Abbrev [10] 0x12f:0xd DW_TAG_array_type
	.long	249                             @ DW_AT_type
	.byte	13                              @ Abbrev [13] 0x134:0x7 DW_TAG_subrange_type
	.long	284                             @ DW_AT_type
	.short	957                             @ DW_AT_count
	.byte	0                               @ End Of Children Mark
	.byte	14                              @ Abbrev [14] 0x13c:0x15 DW_TAG_subprogram
	.long	.Lfunc_begin0                   @ DW_AT_low_pc
	.long	.Lfunc_end0-.Lfunc_begin0       @ DW_AT_high_pc
	.byte	1                               @ DW_AT_frame_base
	.byte	93
                                        @ DW_AT_GNU_all_call_sites
	.long	.Linfo_string22                 @ DW_AT_name
	.byte	3                               @ DW_AT_decl_file
	.byte	66                              @ DW_AT_decl_line
                                        @ DW_AT_prototyped
	.long	490                             @ DW_AT_type
                                        @ DW_AT_external
	.byte	14                              @ Abbrev [14] 0x151:0x15 DW_TAG_subprogram
	.long	.Lfunc_begin1                   @ DW_AT_low_pc
	.long	.Lfunc_end1-.Lfunc_begin1       @ DW_AT_high_pc
	.byte	1                               @ DW_AT_frame_base
	.byte	93
                                        @ DW_AT_GNU_all_call_sites
	.long	.Linfo_string25                 @ DW_AT_name
	.byte	3                               @ DW_AT_decl_file
	.byte	86                              @ DW_AT_decl_line
                                        @ DW_AT_prototyped
	.long	490                             @ DW_AT_type
                                        @ DW_AT_external
	.byte	15                              @ Abbrev [15] 0x166:0x25 DW_TAG_subprogram
	.long	.Lfunc_begin2                   @ DW_AT_low_pc
	.long	.Lfunc_end2-.Lfunc_begin2       @ DW_AT_high_pc
	.byte	1                               @ DW_AT_frame_base
	.byte	93
                                        @ DW_AT_GNU_all_call_sites
	.long	.Linfo_string26                 @ DW_AT_name
	.byte	3                               @ DW_AT_decl_file
	.byte	99                              @ DW_AT_decl_line
                                        @ DW_AT_prototyped
	.long	490                             @ DW_AT_type
                                        @ DW_AT_external
	.byte	16                              @ Abbrev [16] 0x17b:0xf DW_TAG_formal_parameter
	.long	.Ldebug_loc0                    @ DW_AT_location
	.long	.Linfo_string30                 @ DW_AT_name
	.byte	3                               @ DW_AT_decl_file
	.byte	99                              @ DW_AT_decl_line
	.long	249                             @ DW_AT_type
	.byte	0                               @ End Of Children Mark
	.byte	15                              @ Abbrev [15] 0x18b:0x25 DW_TAG_subprogram
	.long	.Lfunc_begin3                   @ DW_AT_low_pc
	.long	.Lfunc_end3-.Lfunc_begin3       @ DW_AT_high_pc
	.byte	1                               @ DW_AT_frame_base
	.byte	93
                                        @ DW_AT_GNU_all_call_sites
	.long	.Linfo_string27                 @ DW_AT_name
	.byte	3                               @ DW_AT_decl_file
	.byte	116                             @ DW_AT_decl_line
                                        @ DW_AT_prototyped
	.long	490                             @ DW_AT_type
                                        @ DW_AT_external
	.byte	16                              @ Abbrev [16] 0x1a0:0xf DW_TAG_formal_parameter
	.long	.Ldebug_loc1                    @ DW_AT_location
	.long	.Linfo_string30                 @ DW_AT_name
	.byte	3                               @ DW_AT_decl_file
	.byte	116                             @ DW_AT_decl_line
	.long	249                             @ DW_AT_type
	.byte	0                               @ End Of Children Mark
	.byte	15                              @ Abbrev [15] 0x1b0:0x25 DW_TAG_subprogram
	.long	.Lfunc_begin4                   @ DW_AT_low_pc
	.long	.Lfunc_end4-.Lfunc_begin4       @ DW_AT_high_pc
	.byte	1                               @ DW_AT_frame_base
	.byte	93
                                        @ DW_AT_GNU_all_call_sites
	.long	.Linfo_string28                 @ DW_AT_name
	.byte	3                               @ DW_AT_decl_file
	.byte	133                             @ DW_AT_decl_line
                                        @ DW_AT_prototyped
	.long	490                             @ DW_AT_type
                                        @ DW_AT_external
	.byte	16                              @ Abbrev [16] 0x1c5:0xf DW_TAG_formal_parameter
	.long	.Ldebug_loc2                    @ DW_AT_location
	.long	.Linfo_string31                 @ DW_AT_name
	.byte	3                               @ DW_AT_decl_file
	.byte	133                             @ DW_AT_decl_line
	.long	249                             @ DW_AT_type
	.byte	0                               @ End Of Children Mark
	.byte	14                              @ Abbrev [14] 0x1d5:0x15 DW_TAG_subprogram
	.long	.Lfunc_begin5                   @ DW_AT_low_pc
	.long	.Lfunc_end5-.Lfunc_begin5       @ DW_AT_high_pc
	.byte	1                               @ DW_AT_frame_base
	.byte	93
                                        @ DW_AT_GNU_all_call_sites
	.long	.Linfo_string29                 @ DW_AT_name
	.byte	3                               @ DW_AT_decl_file
	.byte	155                             @ DW_AT_decl_line
                                        @ DW_AT_prototyped
	.long	249                             @ DW_AT_type
                                        @ DW_AT_external
	.byte	3                               @ Abbrev [3] 0x1ea:0xb DW_TAG_typedef
	.long	501                             @ DW_AT_type
	.long	.Linfo_string24                 @ DW_AT_name
	.byte	1                               @ DW_AT_decl_file
	.byte	58                              @ DW_AT_decl_line
	.byte	8                               @ Abbrev [8] 0x1f5:0x7 DW_TAG_base_type
	.long	.Linfo_string23                 @ DW_AT_name
	.byte	5                               @ DW_AT_encoding
	.byte	4                               @ DW_AT_byte_size
	.byte	0                               @ End Of Children Mark
.Ldebug_info_end0:
	.section	.debug_ranges,"",%progbits
.Ldebug_ranges0:
	.long	.Lfunc_begin0
	.long	.Lfunc_end0
	.long	.Lfunc_begin1
	.long	.Lfunc_end1
	.long	.Lfunc_begin2
	.long	.Lfunc_end2
	.long	.Lfunc_begin3
	.long	.Lfunc_end3
	.long	.Lfunc_begin4
	.long	.Lfunc_end4
	.long	.Lfunc_begin5
	.long	.Lfunc_end5
	.long	0
	.long	0
	.section	.debug_str,"MS",%progbits,1
.Linfo_string0:
	.asciz	"Component: ARM Compiler 6.16 Tool: armclang [5dfeb700]" @ string offset=0
.Linfo_string1:
	.asciz	"C:/Users/philo/AppData/Local/Arm/Packs/Keil/V2M-MPS2_IOTKit_BSP/1.5.0/Boards/ARM/V2M-MPS2/Common\\LED_V2M-MPS2.c" @ string offset=55
.Linfo_string2:
	.asciz	"C:\\Users\\philo\\Documents\\GitHub\\code-CortexM-ret2user\\blinky_tz\\Boards\\ARM\\V2M-MPS2\\IOTKit_CM33\\IOTKit_CM33_S_NS\\IOTKit_CM33_s" @ string offset=167
.Linfo_string3:
	.asciz	"CFG_REG0"                      @ string offset=294
.Linfo_string4:
	.asciz	"unsigned int"                  @ string offset=303
.Linfo_string5:
	.asciz	"uint32_t"                      @ string offset=316
.Linfo_string6:
	.asciz	"CFG_REG1"                      @ string offset=325
.Linfo_string7:
	.asciz	"CFG_REG2"                      @ string offset=334
.Linfo_string8:
	.asciz	"CFG_REG3"                      @ string offset=343
.Linfo_string9:
	.asciz	"CFG_REG4"                      @ string offset=352
.Linfo_string10:
	.asciz	"RESERVED1"                     @ string offset=361
.Linfo_string11:
	.asciz	"__ARRAY_SIZE_TYPE__"           @ string offset=371
.Linfo_string12:
	.asciz	"SYS_CFGDATA_RTN"               @ string offset=391
.Linfo_string13:
	.asciz	"SYS_CFGDATA_OUT"               @ string offset=407
.Linfo_string14:
	.asciz	"SYS_CFGCTRL"                   @ string offset=423
.Linfo_string15:
	.asciz	"SYS_CFGSTAT"                   @ string offset=435
.Linfo_string16:
	.asciz	"RESERVED2"                     @ string offset=447
.Linfo_string17:
	.asciz	"SCC_DLL"                       @ string offset=457
.Linfo_string18:
	.asciz	"RESERVED3"                     @ string offset=465
.Linfo_string19:
	.asciz	"SCC_AID"                       @ string offset=475
.Linfo_string20:
	.asciz	"SCC_ID"                        @ string offset=483
.Linfo_string21:
	.asciz	"MPS2_SCC_TypeDef"              @ string offset=490
.Linfo_string22:
	.asciz	"LED_Initialize"                @ string offset=507
.Linfo_string23:
	.asciz	"int"                           @ string offset=522
.Linfo_string24:
	.asciz	"int32_t"                       @ string offset=526
.Linfo_string25:
	.asciz	"LED_Uninitialize"              @ string offset=534
.Linfo_string26:
	.asciz	"LED_On"                        @ string offset=551
.Linfo_string27:
	.asciz	"LED_Off"                       @ string offset=558
.Linfo_string28:
	.asciz	"LED_SetOut"                    @ string offset=566
.Linfo_string29:
	.asciz	"LED_GetCount"                  @ string offset=577
.Linfo_string30:
	.asciz	"num"                           @ string offset=590
.Linfo_string31:
	.asciz	"val"                           @ string offset=594
	.ident	"Component: ARM Compiler 6.16 Tool: armclang [5dfeb700]"
	.section	".note.GNU-stack","",%progbits
	.eabi_attribute	30, 4	@ Tag_ABI_optimization_goals
	.ARM_attribute	16, 1	@ Tag_AV_eba
	.section	.debug_line,"",%progbits
.Lline_table_start0:
